[debug] [2021-12-09T21:09:34.230Z] ----------------------------------------------------------------------
[debug] [2021-12-09T21:09:34.235Z] Command:       C:\Program Files\nodejs\node.exe C:\Users\Andres\AppData\Roaming\npm\node_modules\firebase-tools\lib\bin\firebase.js init
[debug] [2021-12-09T21:09:34.236Z] CLI Version:   9.23.1
[debug] [2021-12-09T21:09:34.236Z] Platform:      win32
[debug] [2021-12-09T21:09:34.236Z] Node Version:  v14.17.3
[debug] [2021-12-09T21:09:34.237Z] Time:          Thu Dec 09 2021 16:09:34 GMT-0500 (hora estándar de Colombia)
[debug] [2021-12-09T21:09:34.238Z] ----------------------------------------------------------------------
[debug] 
[debug] [2021-12-09T21:09:34.402Z] > command requires scopes: ["email","openid","https://www.googleapis.com/auth/cloudplatformprojects.readonly","https://www.googleapis.com/auth/firebase","https://www.googleapis.com/auth/cloud-platform"]
[debug] [2021-12-09T21:09:34.403Z] > authorizing via signed-in user (innovaufps2@gmail.com)
[info] 
     ######## #### ########  ######## ########     ###     ######  ########
     ##        ##  ##     ## ##       ##     ##  ##   ##  ##       ##
     ######    ##  ########  ######   ########  #########  ######  ######
     ##        ##  ##    ##  ##       ##     ## ##     ##       ## ##
     ##       #### ##     ## ######## ########  ##     ##  ######  ########

You're about to initialize a Firebase project in this directory:

  C:\Users\Andres\Documents\GitHub\catalogoInnova

Before we get started, keep in mind:

  * You are initializing within an existing Firebase project directory

[info] 
=== Project Setup
[info] 
[info] First, let's associate this project directory with a Firebase project.
[info] You can create multiple project aliases by running firebase use --add, 
[info] but for now we'll just set up a default project.
[info] 
[debug] [2021-12-09T21:09:47.423Z] Using project from CLI flag: innova-ufps-901d6
[debug] [2021-12-09T21:09:47.437Z] >>> [apiv2][query] GET https://firebase.googleapis.com/v1beta1/projects/innova-ufps-901d6 [none]
[debug] [2021-12-09T21:09:47.918Z] <<< [apiv2][status] GET https://firebase.googleapis.com/v1beta1/projects/innova-ufps-901d6 200
[debug] [2021-12-09T21:09:47.919Z] <<< [apiv2][body] GET https://firebase.googleapis.com/v1beta1/projects/innova-ufps-901d6 {"projectId":"innova-ufps-901d6","projectNumber":"702584402168","displayName":"innova-ufps","name":"projects/innova-ufps-901d6","resources":{"hostingSite":"innova-ufps-901d6"},"state":"ACTIVE"}
[info] i  Using project innova-ufps-901d6 (innova-ufps) 
[info] 
=== Hosting Setup
[info] 
[info] Your public directory is the folder (relative to your project directory) that
[info] will contain Hosting assets to be uploaded with firebase deploy. If you
[info] have a build process for your assets, use your build's output directory.
[info] 
[info] +  Wrote dist/material-proyecto/404.html 
[debug] [2021-12-09T21:11:28.509Z] >>> [apiv2][query] GET https://www.gstatic.com/firebasejs/releases.json [none]
[debug] [2021-12-09T21:11:28.679Z] <<< [apiv2][status] GET https://www.gstatic.com/firebasejs/releases.json 200
[debug] [2021-12-09T21:11:28.680Z] <<< [apiv2][body] GET https://www.gstatic.com/firebasejs/releases.json {"current":{"version":"9.6.0","browserURL":"https://www.gstatic.com/firebasejs/9.6.0/firebase.js","packageURL":"https://www.gstatic.com/firebasejs/9.6.0/firebase.tgz"},"live":{"version":"9.6","browserURL":"https://www.gstatic.com/firebasejs/live/9.6/firebase.js","packageURL":"https://www.gstatic.com/firebasejs/live/9.6/firebase.tgz"},"components":{"analytics":"https://www.gstatic.com/firebasejs/9.6.0/firebase-analytics.js","app":"https://www.gstatic.com/firebasejs/9.6.0/firebase-app.js","app-check":"https://www.gstatic.com/firebasejs/9.6.0/firebase-app-check.js","auth":"https://www.gstatic.com/firebasejs/9.6.0/firebase-auth.js","auth/cordova":"https://www.gstatic.com/firebasejs/9.6.0/firebase-auth/cordova.js","auth/react-native":"https://www.gstatic.com/firebasejs/9.6.0/firebase-auth/react-native.js","functions":"https://www.gstatic.com/firebasejs/9.6.0/firebase-functions.js","firestore":"https://www.gstatic.com/firebasejs/9.6.0/firebase-firestore.js","firestore/lite":"https://www.gstatic.com/firebasejs/9.6.0/firebase-firestore/lite.js","storage":"https://www.gstatic.com/firebasejs/9.6.0/firebase-storage.js","performance":"https://www.gstatic.com/firebasejs/9.6.0/firebase-performance.js","remote-config":"https://www.gstatic.com/firebasejs/9.6.0/firebase-remote-config.js","messaging":"https://www.gstatic.com/firebasejs/9.6.0/firebase-messaging.js","messaging/sw":"https://www.gstatic.com/firebasejs/9.6.0/firebase-messaging/sw.js","database":"https://www.gstatic.com/firebasejs/9.6.0/firebase-database.js","firestore.memory":"https://www.gstatic.com/firebasejs/9.6.0/firebase-firestore.memory.js"}}
[debug] [2021-12-09T21:12:08.382Z] ----------------------------------------------------------------------
[debug] [2021-12-09T21:12:08.386Z] Command:       C:\Program Files\nodejs\node.exe C:\Users\Andres\AppData\Roaming\npm\node_modules\firebase-tools\lib\bin\firebase.js init
[debug] [2021-12-09T21:12:08.387Z] CLI Version:   9.23.1
[debug] [2021-12-09T21:12:08.387Z] Platform:      win32
[debug] [2021-12-09T21:12:08.388Z] Node Version:  v14.17.3
[debug] [2021-12-09T21:12:08.389Z] Time:          Thu Dec 09 2021 16:12:08 GMT-0500 (hora estándar de Colombia)
[debug] [2021-12-09T21:12:08.389Z] ----------------------------------------------------------------------
[debug] 
[debug] [2021-12-09T21:12:08.521Z] > command requires scopes: ["email","openid","https://www.googleapis.com/auth/cloudplatformprojects.readonly","https://www.googleapis.com/auth/firebase","https://www.googleapis.com/auth/cloud-platform"]
[debug] [2021-12-09T21:12:08.522Z] > authorizing via signed-in user (innovaufps2@gmail.com)
[info] 
     ######## #### ########  ######## ########     ###     ######  ########
     ##        ##  ##     ## ##       ##     ##  ##   ##  ##       ##
     ######    ##  ########  ######   ########  #########  ######  ######
     ##        ##  ##    ##  ##       ##     ## ##     ##       ## ##
     ##       #### ##     ## ######## ########  ##     ##  ######  ########

You're about to initialize a Firebase project in this directory:

  C:\Users\Andres\Documents\GitHub\catalogoInnova

Before we get started, keep in mind:

  * You are initializing within an existing Firebase project directory

[info] 
=== Project Setup
[info] 
[info] First, let's associate this project directory with a Firebase project.
[info] You can create multiple project aliases by running firebase use --add, 
[info] but for now we'll just set up a default project.
[info] 
[debug] [2021-12-09T21:12:17.210Z] Using project from CLI flag: innova-ufps-901d6
[debug] [2021-12-09T21:12:17.220Z] >>> [apiv2][query] GET https://firebase.googleapis.com/v1beta1/projects/innova-ufps-901d6 [none]
[debug] [2021-12-09T21:12:17.612Z] <<< [apiv2][status] GET https://firebase.googleapis.com/v1beta1/projects/innova-ufps-901d6 200
[debug] [2021-12-09T21:12:17.612Z] <<< [apiv2][body] GET https://firebase.googleapis.com/v1beta1/projects/innova-ufps-901d6 {"projectId":"innova-ufps-901d6","projectNumber":"702584402168","displayName":"innova-ufps","name":"projects/innova-ufps-901d6","resources":{"hostingSite":"innova-ufps-901d6"},"state":"ACTIVE"}
[info] i  Using project innova-ufps-901d6 (innova-ufps) 
[info] 
=== Hosting Setup
[info] 
[info] Your public directory is the folder (relative to your project directory) that
[info] will contain Hosting assets to be uploaded with firebase deploy. If you
[info] have a build process for your assets, use your build's output directory.
[info] 
[debug] [2021-12-09T21:12:38.134Z] >>> [apiv2][query] GET https://www.gstatic.com/firebasejs/releases.json [none]
[debug] [2021-12-09T21:12:38.267Z] <<< [apiv2][status] GET https://www.gstatic.com/firebasejs/releases.json 200
[debug] [2021-12-09T21:12:38.268Z] <<< [apiv2][body] GET https://www.gstatic.com/firebasejs/releases.json {"current":{"version":"9.6.0","browserURL":"https://www.gstatic.com/firebasejs/9.6.0/firebase.js","packageURL":"https://www.gstatic.com/firebasejs/9.6.0/firebase.tgz"},"live":{"version":"9.6","browserURL":"https://www.gstatic.com/firebasejs/live/9.6/firebase.js","packageURL":"https://www.gstatic.com/firebasejs/live/9.6/firebase.tgz"},"components":{"analytics":"https://www.gstatic.com/firebasejs/9.6.0/firebase-analytics.js","app":"https://www.gstatic.com/firebasejs/9.6.0/firebase-app.js","app-check":"https://www.gstatic.com/firebasejs/9.6.0/firebase-app-check.js","auth":"https://www.gstatic.com/firebasejs/9.6.0/firebase-auth.js","auth/cordova":"https://www.gstatic.com/firebasejs/9.6.0/firebase-auth/cordova.js","auth/react-native":"https://www.gstatic.com/firebasejs/9.6.0/firebase-auth/react-native.js","functions":"https://www.gstatic.com/firebasejs/9.6.0/firebase-functions.js","firestore":"https://www.gstatic.com/firebasejs/9.6.0/firebase-firestore.js","firestore/lite":"https://www.gstatic.com/firebasejs/9.6.0/firebase-firestore/lite.js","storage":"https://www.gstatic.com/firebasejs/9.6.0/firebase-storage.js","performance":"https://www.gstatic.com/firebasejs/9.6.0/firebase-performance.js","remote-config":"https://www.gstatic.com/firebasejs/9.6.0/firebase-remote-config.js","messaging":"https://www.gstatic.com/firebasejs/9.6.0/firebase-messaging.js","messaging/sw":"https://www.gstatic.com/firebasejs/9.6.0/firebase-messaging/sw.js","database":"https://www.gstatic.com/firebasejs/9.6.0/firebase-database.js","firestore.memory":"https://www.gstatic.com/firebasejs/9.6.0/firebase-firestore.memory.js"}}
[info] i  Skipping write of dist/material-proyecto/index.html 
[info] 
[info] i  Writing configuration info to firebase.json... 
[info] i  Writing project information to .firebaserc... 
[info] 
[info] +  Firebase initialization complete! 
